2022-06-17 17:52:25,302 INFO             [main] org.springframework.boot.StartupInfoLogger                                                   : Starting CuteCutAppApplication using Java 17.0.3 on shoxruh-acer with PID 45647 (/home/shoxruh/Disk D/Programming/PDP Backend/Projects/cute-cut-app/target/classes started by shoxruh in /home/shoxruh/Disk D/Programming/PDP Backend/Projects/cute-cut-app)
2022-06-17 17:52:25,305 INFO             [main] org.springframework.boot.SpringApplication                                                   : The following 1 profile is active: "dev"
2022-06-17 17:52:26,058 INFO             [main] org.springframework.data.repository.config.RepositoryConfigurationDelegate                   : Bootstrapping Spring Data JPA repositories in DEFAULT mode.
2022-06-17 17:52:26,147 INFO             [main] org.springframework.data.repository.config.RepositoryConfigurationDelegate                   : Finished Spring Data repository scanning in 76 ms. Found 14 JPA repository interfaces.
2022-06-17 17:52:26,580 INFO             [main] org.springframework.boot.web.embedded.tomcat.TomcatWebServer                                 : Tomcat initialized with port(s): 8080 (http)
2022-06-17 17:52:26,592 INFO             [main] org.apache.juli.logging.DirectJDKLog                                                         : Initializing ProtocolHandler ["http-nio-8080"]
2022-06-17 17:52:26,593 INFO             [main] org.apache.juli.logging.DirectJDKLog                                                         : Starting service [Tomcat]
2022-06-17 17:52:26,593 INFO             [main] org.apache.juli.logging.DirectJDKLog                                                         : Starting Servlet engine: [Apache Tomcat/9.0.62]
2022-06-17 17:52:26,856 INFO             [main] org.apache.juli.logging.DirectJDKLog                                                         : Initializing Spring embedded WebApplicationContext
2022-06-17 17:52:26,856 INFO             [main] org.springframework.boot.web.servlet.context.ServletWebServerApplicationContext              : Root WebApplicationContext: initialization completed in 1491 ms
2022-06-17 17:52:26,986 INFO             [main] org.hibernate.jpa.internal.util.LogHelper                                                    : HHH000204: Processing PersistenceUnitInfo [name: default]
2022-06-17 17:52:27,027 INFO             [main] org.hibernate.Version                                                                        : HHH000412: Hibernate ORM core version 5.6.8.Final
2022-06-17 17:52:27,106 INFO             [main] org.hibernate.annotations.common.reflection.java.JavaReflectionManager                       : HCANN000001: Hibernate Commons Annotations {5.1.2.Final}
2022-06-17 17:52:27,159 INFO             [main] com.zaxxer.hikari.HikariDataSource                                                           : HikariPool-1 - Starting...
2022-06-17 17:52:27,463 INFO             [main] com.zaxxer.hikari.HikariDataSource                                                           : HikariPool-1 - Start completed.
2022-06-17 17:52:27,475 INFO             [main] org.hibernate.dialect.Dialect                                                                : HHH000400: Using dialect: org.hibernate.dialect.PostgreSQL10Dialect
2022-06-17 17:52:28,027 WARN             [main] org.hibernate.engine.jdbc.spi.SqlExceptionHelper$StandardWarningHandler                      : SQL Warning Code: 0, SQLState: 00000
2022-06-17 17:52:28,027 WARN             [main] org.hibernate.engine.jdbc.spi.SqlExceptionHelper$StandardWarningHandler                      : table "auth_user" does not exist, skipping
2022-06-17 17:52:28,028 WARN             [main] org.hibernate.engine.jdbc.spi.SqlExceptionHelper$StandardWarningHandler                      : SQL Warning Code: 0, SQLState: 00000
2022-06-17 17:52:28,028 WARN             [main] org.hibernate.engine.jdbc.spi.SqlExceptionHelper$StandardWarningHandler                      : table "barber_shop" does not exist, skipping
2022-06-17 17:52:28,029 WARN             [main] org.hibernate.engine.jdbc.spi.SqlExceptionHelper$StandardWarningHandler                      : SQL Warning Code: 0, SQLState: 00000
2022-06-17 17:52:28,029 WARN             [main] org.hibernate.engine.jdbc.spi.SqlExceptionHelper$StandardWarningHandler                      : table "busy_time" does not exist, skipping
2022-06-17 17:52:28,030 WARN             [main] org.hibernate.engine.jdbc.spi.SqlExceptionHelper$StandardWarningHandler                      : SQL Warning Code: 0, SQLState: 00000
2022-06-17 17:52:28,030 WARN             [main] org.hibernate.engine.jdbc.spi.SqlExceptionHelper$StandardWarningHandler                      : table "device" does not exist, skipping
2022-06-17 17:52:28,031 WARN             [main] org.hibernate.engine.jdbc.spi.SqlExceptionHelper$StandardWarningHandler                      : SQL Warning Code: 0, SQLState: 00000
2022-06-17 17:52:28,031 WARN             [main] org.hibernate.engine.jdbc.spi.SqlExceptionHelper$StandardWarningHandler                      : table "faq" does not exist, skipping
2022-06-17 17:52:28,032 WARN             [main] org.hibernate.engine.jdbc.spi.SqlExceptionHelper$StandardWarningHandler                      : SQL Warning Code: 0, SQLState: 00000
2022-06-17 17:52:28,032 WARN             [main] org.hibernate.engine.jdbc.spi.SqlExceptionHelper$StandardWarningHandler                      : table "favorites" does not exist, skipping
2022-06-17 17:52:28,033 WARN             [main] org.hibernate.engine.jdbc.spi.SqlExceptionHelper$StandardWarningHandler                      : SQL Warning Code: 0, SQLState: 00000
2022-06-17 17:52:28,033 WARN             [main] org.hibernate.engine.jdbc.spi.SqlExceptionHelper$StandardWarningHandler                      : table "notification" does not exist, skipping
2022-06-17 17:52:28,034 WARN             [main] org.hibernate.engine.jdbc.spi.SqlExceptionHelper$StandardWarningHandler                      : SQL Warning Code: 0, SQLState: 00000
2022-06-17 17:52:28,034 WARN             [main] org.hibernate.engine.jdbc.spi.SqlExceptionHelper$StandardWarningHandler                      : table "orders" does not exist, skipping
2022-06-17 17:52:28,035 WARN             [main] org.hibernate.engine.jdbc.spi.SqlExceptionHelper$StandardWarningHandler                      : SQL Warning Code: 0, SQLState: 00000
2022-06-17 17:52:28,035 WARN             [main] org.hibernate.engine.jdbc.spi.SqlExceptionHelper$StandardWarningHandler                      : table "order_service" does not exist, skipping
2022-06-17 17:52:28,035 WARN             [main] org.hibernate.engine.jdbc.spi.SqlExceptionHelper$StandardWarningHandler                      : SQL Warning Code: 0, SQLState: 00000
2022-06-17 17:52:28,035 WARN             [main] org.hibernate.engine.jdbc.spi.SqlExceptionHelper$StandardWarningHandler                      : table "organization" does not exist, skipping
2022-06-17 17:52:28,036 WARN             [main] org.hibernate.engine.jdbc.spi.SqlExceptionHelper$StandardWarningHandler                      : SQL Warning Code: 0, SQLState: 00000
2022-06-17 17:52:28,036 WARN             [main] org.hibernate.engine.jdbc.spi.SqlExceptionHelper$StandardWarningHandler                      : table "phone_code" does not exist, skipping
2022-06-17 17:52:28,036 WARN             [main] org.hibernate.engine.jdbc.spi.SqlExceptionHelper$StandardWarningHandler                      : SQL Warning Code: 0, SQLState: 00000
2022-06-17 17:52:28,037 WARN             [main] org.hibernate.engine.jdbc.spi.SqlExceptionHelper$StandardWarningHandler                      : table "rating" does not exist, skipping
2022-06-17 17:52:28,037 WARN             [main] org.hibernate.engine.jdbc.spi.SqlExceptionHelper$StandardWarningHandler                      : SQL Warning Code: 0, SQLState: 00000
2022-06-17 17:52:28,038 WARN             [main] org.hibernate.engine.jdbc.spi.SqlExceptionHelper$StandardWarningHandler                      : table "service" does not exist, skipping
2022-06-17 17:52:28,038 WARN             [main] org.hibernate.engine.jdbc.spi.SqlExceptionHelper$StandardWarningHandler                      : SQL Warning Code: 0, SQLState: 00000
2022-06-17 17:52:28,039 WARN             [main] org.hibernate.engine.jdbc.spi.SqlExceptionHelper$StandardWarningHandler                      : table "uploads" does not exist, skipping
2022-06-17 17:52:28,914 INFO             [main] org.hibernate.engine.transaction.jta.platform.internal.JtaPlatformInitiator                  : HHH000490: Using JtaPlatform implementation: [org.hibernate.engine.transaction.jta.platform.internal.NoJtaPlatform]
2022-06-17 17:52:28,926 INFO             [main] org.springframework.orm.jpa.AbstractEntityManagerFactoryBean                                 : Initialized JPA EntityManagerFactory for persistence unit 'default'
2022-06-17 17:52:29,712 WARN             [main] org.springframework.boot.autoconfigure.orm.jpa.JpaBaseConfiguration$JpaWebConfiguration      : spring.jpa.open-in-view is enabled by default. Therefore, database queries may be performed during view rendering. Explicitly configure spring.jpa.open-in-view to disable this warning
2022-06-17 17:52:30,318 INFO             [main] org.springframework.security.web.DefaultSecurityFilterChain                                  : Will secure any request with [org.springframework.security.web.context.request.async.WebAsyncManagerIntegrationFilter@2ae07dbd, org.springframework.security.web.context.SecurityContextPersistenceFilter@4ee1c29a, org.springframework.security.web.header.HeaderWriterFilter@43735ea0, org.springframework.security.web.authentication.logout.LogoutFilter@35d145fb, uz.pdp.cutecutapp.config.security.filters.CustomAuthorizationFilter@e7ddf8d, uz.pdp.cutecutapp.config.security.filters.CustomAuthenticationFilter@47f8374, org.springframework.security.web.savedrequest.RequestCacheAwareFilter@5f32de90, org.springframework.security.web.servletapi.SecurityContextHolderAwareRequestFilter@72c29d87, org.springframework.security.web.authentication.AnonymousAuthenticationFilter@22a8e87b, org.springframework.security.web.session.SessionManagementFilter@1e987f59, org.springframework.security.web.access.ExceptionTranslationFilter@28b47211, org.springframework.security.web.access.intercept.FilterSecurityInterceptor@2c8c42c]
2022-06-17 17:52:31,323 INFO             [main] org.apache.juli.logging.DirectJDKLog                                                         : Starting ProtocolHandler ["http-nio-8080"]
2022-06-17 17:52:31,337 INFO             [main] org.springframework.boot.web.embedded.tomcat.TomcatWebServer                                 : Tomcat started on port(s): 8080 (http) with context path ''
2022-06-17 17:52:31,348 INFO             [main] org.springframework.boot.StartupInfoLogger                                                   : Started CuteCutAppApplication in 6.525 seconds (JVM running for 7.354)
2022-06-17 17:52:45,055 INFO             [http-nio-8080-exec-1] org.apache.juli.logging.DirectJDKLog                                         : Initializing Spring DispatcherServlet 'dispatcherServlet'
2022-06-17 17:52:45,056 INFO             [http-nio-8080-exec-1] org.springframework.web.servlet.FrameworkServlet                             : Initializing Servlet 'dispatcherServlet'
2022-06-17 17:52:45,058 INFO             [http-nio-8080-exec-1] org.springframework.web.servlet.FrameworkServlet                             : Completed initialization in 2 ms
2022-06-17 17:52:46,795 INFO             [http-nio-8080-exec-9] org.springdoc.api.AbstractOpenApiResource                                    : Init duration for springdoc-openapi is: 829 ms
2022-06-17 17:57:30,827 INFO             [SpringApplicationShutdownHook] org.springframework.orm.jpa.AbstractEntityManagerFactoryBean        : Closing JPA EntityManagerFactory for persistence unit 'default'
2022-06-17 17:57:30,829 INFO             [SpringApplicationShutdownHook] com.zaxxer.hikari.HikariDataSource                                  : HikariPool-1 - Shutdown initiated...
2022-06-17 17:57:30,851 INFO             [SpringApplicationShutdownHook] com.zaxxer.hikari.HikariDataSource                                  : HikariPool-1 - Shutdown completed.
2022-06-17 17:57:34,536 INFO             [main] org.springframework.boot.StartupInfoLogger                                                   : Starting CuteCutAppApplication using Java 17.0.3 on shoxruh-acer with PID 46177 (/home/shoxruh/Disk D/Programming/PDP Backend/Projects/cute-cut-app/target/classes started by shoxruh in /home/shoxruh/Disk D/Programming/PDP Backend/Projects/cute-cut-app)
2022-06-17 17:57:34,540 INFO             [main] org.springframework.boot.SpringApplication                                                   : The following 1 profile is active: "dev"
2022-06-17 17:57:35,649 INFO             [main] org.springframework.data.repository.config.RepositoryConfigurationDelegate                   : Bootstrapping Spring Data JPA repositories in DEFAULT mode.
2022-06-17 17:57:35,812 INFO             [main] org.springframework.data.repository.config.RepositoryConfigurationDelegate                   : Finished Spring Data repository scanning in 151 ms. Found 14 JPA repository interfaces.
2022-06-17 17:57:36,385 INFO             [main] org.springframework.boot.web.embedded.tomcat.TomcatWebServer                                 : Tomcat initialized with port(s): 8080 (http)
2022-06-17 17:57:36,390 INFO             [main] org.apache.juli.logging.DirectJDKLog                                                         : Initializing ProtocolHandler ["http-nio-8080"]
2022-06-17 17:57:36,391 INFO             [main] org.apache.juli.logging.DirectJDKLog                                                         : Starting service [Tomcat]
2022-06-17 17:57:36,391 INFO             [main] org.apache.juli.logging.DirectJDKLog                                                         : Starting Servlet engine: [Apache Tomcat/9.0.62]
2022-06-17 17:57:36,472 INFO             [main] org.apache.juli.logging.DirectJDKLog                                                         : Initializing Spring embedded WebApplicationContext
2022-06-17 17:57:36,472 INFO             [main] org.springframework.boot.web.servlet.context.ServletWebServerApplicationContext              : Root WebApplicationContext: initialization completed in 1859 ms
2022-06-17 17:57:36,700 INFO             [main] org.hibernate.jpa.internal.util.LogHelper                                                    : HHH000204: Processing PersistenceUnitInfo [name: default]
2022-06-17 17:57:36,729 INFO             [main] org.hibernate.Version                                                                        : HHH000412: Hibernate ORM core version 5.6.8.Final
2022-06-17 17:57:36,803 INFO             [main] org.hibernate.annotations.common.reflection.java.JavaReflectionManager                       : HCANN000001: Hibernate Commons Annotations {5.1.2.Final}
2022-06-17 17:57:36,867 INFO             [main] com.zaxxer.hikari.HikariDataSource                                                           : HikariPool-1 - Starting...
2022-06-17 17:57:37,195 INFO             [main] com.zaxxer.hikari.HikariDataSource                                                           : HikariPool-1 - Start completed.
2022-06-17 17:57:37,208 INFO             [main] org.hibernate.dialect.Dialect                                                                : HHH000400: Using dialect: org.hibernate.dialect.PostgreSQL10Dialect
2022-06-17 17:57:37,878 INFO             [main] org.hibernate.engine.transaction.jta.platform.internal.JtaPlatformInitiator                  : HHH000490: Using JtaPlatform implementation: [org.hibernate.engine.transaction.jta.platform.internal.NoJtaPlatform]
2022-06-17 17:57:37,891 INFO             [main] org.springframework.orm.jpa.AbstractEntityManagerFactoryBean                                 : Initialized JPA EntityManagerFactory for persistence unit 'default'
2022-06-17 17:57:38,535 WARN             [main] org.springframework.boot.autoconfigure.orm.jpa.JpaBaseConfiguration$JpaWebConfiguration      : spring.jpa.open-in-view is enabled by default. Therefore, database queries may be performed during view rendering. Explicitly configure spring.jpa.open-in-view to disable this warning
2022-06-17 17:57:38,905 INFO             [main] org.springframework.security.web.DefaultSecurityFilterChain                                  : Will secure any request with [org.springframework.security.web.context.request.async.WebAsyncManagerIntegrationFilter@662b199, org.springframework.security.web.context.SecurityContextPersistenceFilter@2ebd6a0d, org.springframework.security.web.header.HeaderWriterFilter@5cfa9e8a, org.springframework.security.web.authentication.logout.LogoutFilter@3df4cd96, uz.pdp.cutecutapp.config.security.filters.CustomAuthorizationFilter@3a678e40, uz.pdp.cutecutapp.config.security.filters.CustomAuthenticationFilter@222dc36c, org.springframework.security.web.savedrequest.RequestCacheAwareFilter@72ad577b, org.springframework.security.web.servletapi.SecurityContextHolderAwareRequestFilter@37823482, org.springframework.security.web.authentication.AnonymousAuthenticationFilter@3445ddf2, org.springframework.security.web.session.SessionManagementFilter@22942eff, org.springframework.security.web.access.ExceptionTranslationFilter@6fc1a1d5, org.springframework.security.web.access.intercept.FilterSecurityInterceptor@192b76a4]
2022-06-17 17:57:39,700 INFO             [main] org.apache.juli.logging.DirectJDKLog                                                         : Starting ProtocolHandler ["http-nio-8080"]
2022-06-17 17:57:39,711 INFO             [main] org.springframework.boot.web.embedded.tomcat.TomcatWebServer                                 : Tomcat started on port(s): 8080 (http) with context path ''
2022-06-17 17:57:39,721 INFO             [main] org.springframework.boot.StartupInfoLogger                                                   : Started CuteCutAppApplication in 5.812 seconds (JVM running for 7.115)
2022-06-17 18:00:04,032 INFO             [SpringApplicationShutdownHook] org.springframework.orm.jpa.AbstractEntityManagerFactoryBean        : Closing JPA EntityManagerFactory for persistence unit 'default'
2022-06-17 18:00:04,035 INFO             [SpringApplicationShutdownHook] com.zaxxer.hikari.HikariDataSource                                  : HikariPool-1 - Shutdown initiated...
2022-06-17 18:00:04,050 INFO             [SpringApplicationShutdownHook] com.zaxxer.hikari.HikariDataSource                                  : HikariPool-1 - Shutdown completed.
2022-06-17 18:00:10,870 INFO             [main] org.springframework.boot.StartupInfoLogger                                                   : Starting CuteCutAppApplication using Java 17.0.3 on shoxruh-acer with PID 46494 (/home/shoxruh/Disk D/Programming/PDP Backend/Projects/cute-cut-app/target/classes started by shoxruh in /home/shoxruh/Disk D/Programming/PDP Backend/Projects/cute-cut-app)
2022-06-17 18:00:10,874 INFO             [main] org.springframework.boot.SpringApplication                                                   : The following 1 profile is active: "dev"
2022-06-17 18:00:12,203 INFO             [main] org.springframework.data.repository.config.RepositoryConfigurationDelegate                   : Bootstrapping Spring Data JPA repositories in DEFAULT mode.
2022-06-17 18:00:12,494 INFO             [main] org.springframework.data.repository.config.RepositoryConfigurationDelegate                   : Finished Spring Data repository scanning in 280 ms. Found 14 JPA repository interfaces.
2022-06-17 18:00:13,808 INFO             [main] org.springframework.boot.web.embedded.tomcat.TomcatWebServer                                 : Tomcat initialized with port(s): 8080 (http)
2022-06-17 18:00:13,826 INFO             [main] org.apache.juli.logging.DirectJDKLog                                                         : Initializing ProtocolHandler ["http-nio-8080"]
2022-06-17 18:00:13,827 INFO             [main] org.apache.juli.logging.DirectJDKLog                                                         : Starting service [Tomcat]
2022-06-17 18:00:13,828 INFO             [main] org.apache.juli.logging.DirectJDKLog                                                         : Starting Servlet engine: [Apache Tomcat/9.0.62]
2022-06-17 18:00:14,064 INFO             [main] org.apache.juli.logging.DirectJDKLog                                                         : Initializing Spring embedded WebApplicationContext
2022-06-17 18:00:14,064 INFO             [main] org.springframework.boot.web.servlet.context.ServletWebServerApplicationContext              : Root WebApplicationContext: initialization completed in 3091 ms
2022-06-17 18:00:14,436 INFO             [main] org.hibernate.jpa.internal.util.LogHelper                                                    : HHH000204: Processing PersistenceUnitInfo [name: default]
2022-06-17 18:00:14,533 INFO             [main] org.hibernate.Version                                                                        : HHH000412: Hibernate ORM core version 5.6.8.Final
2022-06-17 18:00:14,715 INFO             [main] org.hibernate.annotations.common.reflection.java.JavaReflectionManager                       : HCANN000001: Hibernate Commons Annotations {5.1.2.Final}
2022-06-17 18:00:14,855 INFO             [main] com.zaxxer.hikari.HikariDataSource                                                           : HikariPool-1 - Starting...
2022-06-17 18:00:15,713 INFO             [main] com.zaxxer.hikari.HikariDataSource                                                           : HikariPool-1 - Start completed.
2022-06-17 18:00:15,816 INFO             [main] org.hibernate.dialect.Dialect                                                                : HHH000400: Using dialect: org.hibernate.dialect.PostgreSQL10Dialect
2022-06-17 18:00:17,358 INFO             [main] org.hibernate.engine.transaction.jta.platform.internal.JtaPlatformInitiator                  : HHH000490: Using JtaPlatform implementation: [org.hibernate.engine.transaction.jta.platform.internal.NoJtaPlatform]
2022-06-17 18:00:17,370 INFO             [main] org.springframework.orm.jpa.AbstractEntityManagerFactoryBean                                 : Initialized JPA EntityManagerFactory for persistence unit 'default'
2022-06-17 18:00:17,969 WARN             [main] org.springframework.boot.autoconfigure.orm.jpa.JpaBaseConfiguration$JpaWebConfiguration      : spring.jpa.open-in-view is enabled by default. Therefore, database queries may be performed during view rendering. Explicitly configure spring.jpa.open-in-view to disable this warning
2022-06-17 18:00:18,350 INFO             [main] org.springframework.security.web.DefaultSecurityFilterChain                                  : Will secure any request with [org.springframework.security.web.context.request.async.WebAsyncManagerIntegrationFilter@662b199, org.springframework.security.web.context.SecurityContextPersistenceFilter@2ebd6a0d, org.springframework.security.web.header.HeaderWriterFilter@5cfa9e8a, org.springframework.security.web.authentication.logout.LogoutFilter@3df4cd96, uz.pdp.cutecutapp.config.security.filters.CustomAuthorizationFilter@3a678e40, uz.pdp.cutecutapp.config.security.filters.CustomAuthenticationFilter@222dc36c, org.springframework.security.web.savedrequest.RequestCacheAwareFilter@72ad577b, org.springframework.security.web.servletapi.SecurityContextHolderAwareRequestFilter@37823482, org.springframework.security.web.authentication.AnonymousAuthenticationFilter@3445ddf2, org.springframework.security.web.session.SessionManagementFilter@22942eff, org.springframework.security.web.access.ExceptionTranslationFilter@6fc1a1d5, org.springframework.security.web.access.intercept.FilterSecurityInterceptor@192b76a4]
2022-06-17 18:00:19,224 INFO             [main] org.apache.juli.logging.DirectJDKLog                                                         : Starting ProtocolHandler ["http-nio-8080"]
2022-06-17 18:00:19,236 INFO             [main] org.springframework.boot.web.embedded.tomcat.TomcatWebServer                                 : Tomcat started on port(s): 8080 (http) with context path ''
2022-06-17 18:00:19,249 INFO             [main] org.springframework.boot.StartupInfoLogger                                                   : Started CuteCutAppApplication in 9.456 seconds (JVM running for 10.542)
2022-06-17 18:00:42,942 INFO             [SpringApplicationShutdownHook] org.springframework.orm.jpa.AbstractEntityManagerFactoryBean        : Closing JPA EntityManagerFactory for persistence unit 'default'
2022-06-17 18:00:42,944 INFO             [SpringApplicationShutdownHook] com.zaxxer.hikari.HikariDataSource                                  : HikariPool-1 - Shutdown initiated...
2022-06-17 18:00:42,956 INFO             [SpringApplicationShutdownHook] com.zaxxer.hikari.HikariDataSource                                  : HikariPool-1 - Shutdown completed.
2022-06-17 18:00:47,208 INFO             [main] org.springframework.boot.StartupInfoLogger                                                   : Starting CuteCutAppApplication using Java 17.0.3 on shoxruh-acer with PID 46756 (/home/shoxruh/Disk D/Programming/PDP Backend/Projects/cute-cut-app/target/classes started by shoxruh in /home/shoxruh/Disk D/Programming/PDP Backend/Projects/cute-cut-app)
2022-06-17 18:00:47,211 INFO             [main] org.springframework.boot.SpringApplication                                                   : The following 1 profile is active: "dev"
2022-06-17 18:00:48,076 INFO             [main] org.springframework.data.repository.config.RepositoryConfigurationDelegate                   : Bootstrapping Spring Data JPA repositories in DEFAULT mode.
2022-06-17 18:00:48,181 INFO             [main] org.springframework.data.repository.config.RepositoryConfigurationDelegate                   : Finished Spring Data repository scanning in 97 ms. Found 14 JPA repository interfaces.
2022-06-17 18:00:48,985 INFO             [main] org.springframework.boot.web.embedded.tomcat.TomcatWebServer                                 : Tomcat initialized with port(s): 8080 (http)
2022-06-17 18:00:48,992 INFO             [main] org.apache.juli.logging.DirectJDKLog                                                         : Initializing ProtocolHandler ["http-nio-8080"]
2022-06-17 18:00:48,992 INFO             [main] org.apache.juli.logging.DirectJDKLog                                                         : Starting service [Tomcat]
2022-06-17 18:00:48,992 INFO             [main] org.apache.juli.logging.DirectJDKLog                                                         : Starting Servlet engine: [Apache Tomcat/9.0.62]
2022-06-17 18:00:49,067 INFO             [main] org.apache.juli.logging.DirectJDKLog                                                         : Initializing Spring embedded WebApplicationContext
2022-06-17 18:00:49,067 INFO             [main] org.springframework.boot.web.servlet.context.ServletWebServerApplicationContext              : Root WebApplicationContext: initialization completed in 1781 ms
2022-06-17 18:00:49,196 INFO             [main] org.flywaydb.core.internal.logging.slf4j.Slf4jLog                                            : Flyway Community Edition 8.5.10 by Redgate
2022-06-17 18:00:49,197 INFO             [main] org.flywaydb.core.internal.logging.slf4j.Slf4jLog                                            : See what's new here: https://flywaydb.org/documentation/learnmore/releaseNotes#8.5.10
2022-06-17 18:00:49,197 INFO             [main] org.flywaydb.core.internal.logging.slf4j.Slf4jLog                                            : 
2022-06-17 18:00:49,206 INFO             [main] com.zaxxer.hikari.HikariDataSource                                                           : HikariPool-1 - Starting...
2022-06-17 18:00:49,437 INFO             [main] com.zaxxer.hikari.HikariDataSource                                                           : HikariPool-1 - Start completed.
2022-06-17 18:00:49,450 INFO             [main] org.flywaydb.core.internal.logging.slf4j.Slf4jLog                                            : Database: jdbc:postgresql://localhost:5432/cute-cut-app (PostgreSQL 14.3)
2022-06-17 18:00:49,481 INFO             [main] org.flywaydb.core.internal.logging.slf4j.Slf4jLog                                            : Successfully validated 16 migrations (execution time 00:00.017s)
2022-06-17 18:00:49,492 INFO             [main] org.flywaydb.core.internal.logging.slf4j.Slf4jLog                                            : Creating Schema History table "public"."flyway_schema_history" with baseline ...
2022-06-17 18:00:49,527 INFO             [main] org.flywaydb.core.internal.logging.slf4j.Slf4jLog                                            : Successfully baselined schema with version: 1
2022-06-17 18:00:49,536 INFO             [main] org.flywaydb.core.internal.logging.slf4j.Slf4jLog                                            : Current version of schema "public": 1
2022-06-17 18:00:49,543 INFO             [main] org.flywaydb.core.internal.logging.slf4j.Slf4jLog                                            : Migrating schema "public" to version "2 - alter table service barber shop id"
2022-06-17 18:00:49,561 INFO             [main] org.flywaydb.core.internal.logging.slf4j.Slf4jLog                                            : Migrating schema "public" to version "3 - alter table favourites barber shop id"
2022-06-17 18:00:49,575 INFO             [main] org.flywaydb.core.internal.logging.slf4j.Slf4jLog                                            : Migrating schema "public" to version "4 - alter table favourites client id"
2022-06-17 18:00:49,588 INFO             [main] org.flywaydb.core.internal.logging.slf4j.Slf4jLog                                            : Migrating schema "public" to version "5 - alter table auth user organization id"
2022-06-17 18:00:49,602 INFO             [main] org.flywaydb.core.internal.logging.slf4j.Slf4jLog                                            : Migrating schema "public" to version "6 - alter table barber shop organization id"
2022-06-17 18:00:49,614 INFO             [main] org.flywaydb.core.internal.logging.slf4j.Slf4jLog                                            : Migrating schema "public" to version "7 - alter table organization logo id"
2022-06-17 18:00:49,628 INFO             [main] org.flywaydb.core.internal.logging.slf4j.Slf4jLog                                            : Migrating schema "public" to version "10 - alter table rating add key"
2022-06-17 18:00:49,641 INFO             [main] org.flywaydb.core.internal.logging.slf4j.Slf4jLog                                            : Migrating schema "public" to version "11 - create barbershop get function"
2022-06-17 18:00:49,655 INFO             [main] org.flywaydb.core.internal.logging.slf4j.Slf4jLog                                            : Migrating schema "public" to version "12 - create rating of barber shop"
2022-06-17 18:00:49,665 INFO             [main] org.flywaydb.core.internal.logging.slf4j.Slf4jLog                                            : Migrating schema "public" to version "13 - alter function barbershop get function"
2022-06-17 18:00:49,674 INFO             [main] org.flywaydb.core.internal.logging.slf4j.Slf4jLog                                            : Migrating schema "public" to version "14 - get favorited barbershops"
2022-06-17 18:00:49,685 INFO             [main] org.flywaydb.core.internal.logging.slf4j.Slf4jLog                                            : Migrating schema "public" to version "15 - get orders by user id"
2022-06-17 18:00:49,694 INFO             [main] org.flywaydb.core.internal.logging.slf4j.Slf4jLog                                            : Migrating schema "public" to version "16 - alter function get orders by user id"
2022-06-17 18:00:49,704 INFO             [main] org.flywaydb.core.internal.logging.slf4j.Slf4jLog                                            : Migrating schema "public" to version "17 - alter function get orders passed"
2022-06-17 18:00:49,714 INFO             [main] org.flywaydb.core.internal.logging.slf4j.Slf4jLog                                            : Migrating schema "public" to version "18 - get orders upcoming"
2022-06-17 18:00:49,720 INFO             [main] org.flywaydb.core.internal.logging.slf4j.Slf4jLog                                            : Successfully applied 15 migrations to schema "public", now at version v18 (execution time 00:00.191s)
2022-06-17 18:00:49,817 INFO             [main] org.hibernate.jpa.internal.util.LogHelper                                                    : HHH000204: Processing PersistenceUnitInfo [name: default]
2022-06-17 18:00:49,855 INFO             [main] org.hibernate.Version                                                                        : HHH000412: Hibernate ORM core version 5.6.8.Final
2022-06-17 18:00:49,932 INFO             [main] org.hibernate.annotations.common.reflection.java.JavaReflectionManager                       : HCANN000001: Hibernate Commons Annotations {5.1.2.Final}
2022-06-17 18:00:49,992 INFO             [main] org.hibernate.dialect.Dialect                                                                : HHH000400: Using dialect: org.hibernate.dialect.PostgreSQL10Dialect
2022-06-17 18:00:50,529 INFO             [main] org.hibernate.engine.transaction.jta.platform.internal.JtaPlatformInitiator                  : HHH000490: Using JtaPlatform implementation: [org.hibernate.engine.transaction.jta.platform.internal.NoJtaPlatform]
2022-06-17 18:00:50,534 INFO             [main] org.springframework.orm.jpa.AbstractEntityManagerFactoryBean                                 : Initialized JPA EntityManagerFactory for persistence unit 'default'
2022-06-17 18:00:51,158 WARN             [main] org.springframework.boot.autoconfigure.orm.jpa.JpaBaseConfiguration$JpaWebConfiguration      : spring.jpa.open-in-view is enabled by default. Therefore, database queries may be performed during view rendering. Explicitly configure spring.jpa.open-in-view to disable this warning
2022-06-17 18:00:51,561 INFO             [main] org.springframework.security.web.DefaultSecurityFilterChain                                  : Will secure any request with [org.springframework.security.web.context.request.async.WebAsyncManagerIntegrationFilter@4a6d6308, org.springframework.security.web.context.SecurityContextPersistenceFilter@6f627a1a, org.springframework.security.web.header.HeaderWriterFilter@772589ed, org.springframework.security.web.authentication.logout.LogoutFilter@4b74a4d, uz.pdp.cutecutapp.config.security.filters.CustomAuthorizationFilter@773cc551, uz.pdp.cutecutapp.config.security.filters.CustomAuthenticationFilter@5cbaafbd, org.springframework.security.web.savedrequest.RequestCacheAwareFilter@4917992b, org.springframework.security.web.servletapi.SecurityContextHolderAwareRequestFilter@5afaae7e, org.springframework.security.web.authentication.AnonymousAuthenticationFilter@4f0f56f5, org.springframework.security.web.session.SessionManagementFilter@c040c8d, org.springframework.security.web.access.ExceptionTranslationFilter@48b744fd, org.springframework.security.web.access.intercept.FilterSecurityInterceptor@23a78d2e]
2022-06-17 18:00:51,642 WARN             [main] org.hibernate.engine.jdbc.spi.SqlExceptionHelper                                             : SQL Error: 0, SQLState: 23505
2022-06-17 18:00:51,642 ERROR            [main] org.hibernate.engine.jdbc.spi.SqlExceptionHelper                                             : ERROR: duplicate key value violates unique constraint "phonerole"
  Detail: Key (phone_number, role)=(+998999999999, SUPER_ADMIN) already exists.
2022-06-17 18:00:52,347 INFO             [main] org.apache.juli.logging.DirectJDKLog                                                         : Starting ProtocolHandler ["http-nio-8080"]
2022-06-17 18:00:52,358 INFO             [main] org.springframework.boot.web.embedded.tomcat.TomcatWebServer                                 : Tomcat started on port(s): 8080 (http) with context path ''
2022-06-17 18:00:52,368 INFO             [main] org.springframework.boot.StartupInfoLogger                                                   : Started CuteCutAppApplication in 5.669 seconds (JVM running for 6.991)
2022-06-17 18:01:31,704 INFO             [http-nio-8080-exec-1] org.apache.juli.logging.DirectJDKLog                                         : Initializing Spring DispatcherServlet 'dispatcherServlet'
2022-06-17 18:01:31,705 INFO             [http-nio-8080-exec-1] org.springframework.web.servlet.FrameworkServlet                             : Initializing Servlet 'dispatcherServlet'
2022-06-17 18:01:31,706 INFO             [http-nio-8080-exec-1] org.springframework.web.servlet.FrameworkServlet                             : Completed initialization in 1 ms
2022-06-17 18:21:33,575 INFO             [SpringApplicationShutdownHook] org.springframework.orm.jpa.AbstractEntityManagerFactoryBean        : Closing JPA EntityManagerFactory for persistence unit 'default'
2022-06-17 18:21:33,576 INFO             [SpringApplicationShutdownHook] com.zaxxer.hikari.HikariDataSource                                  : HikariPool-1 - Shutdown initiated...
2022-06-17 18:21:33,588 INFO             [SpringApplicationShutdownHook] com.zaxxer.hikari.HikariDataSource                                  : HikariPool-1 - Shutdown completed.
2022-06-17 18:21:37,955 INFO             [main] org.springframework.boot.StartupInfoLogger                                                   : Starting CuteCutAppApplication using Java 17.0.3 on shoxruh-acer with PID 47806 (/home/shoxruh/Disk D/Programming/PDP Backend/Projects/cute-cut-app/target/classes started by shoxruh in /home/shoxruh/Disk D/Programming/PDP Backend/Projects/cute-cut-app)
2022-06-17 18:21:37,958 INFO             [main] org.springframework.boot.SpringApplication                                                   : The following 1 profile is active: "dev"
2022-06-17 18:21:38,660 INFO             [main] org.springframework.data.repository.config.RepositoryConfigurationDelegate                   : Bootstrapping Spring Data JPA repositories in DEFAULT mode.
2022-06-17 18:21:38,744 INFO             [main] org.springframework.data.repository.config.RepositoryConfigurationDelegate                   : Finished Spring Data repository scanning in 71 ms. Found 14 JPA repository interfaces.
2022-06-17 18:21:39,115 INFO             [main] org.springframework.boot.web.embedded.tomcat.TomcatWebServer                                 : Tomcat initialized with port(s): 8080 (http)
2022-06-17 18:21:39,120 INFO             [main] org.apache.juli.logging.DirectJDKLog                                                         : Initializing ProtocolHandler ["http-nio-8080"]
2022-06-17 18:21:39,121 INFO             [main] org.apache.juli.logging.DirectJDKLog                                                         : Starting service [Tomcat]
2022-06-17 18:21:39,121 INFO             [main] org.apache.juli.logging.DirectJDKLog                                                         : Starting Servlet engine: [Apache Tomcat/9.0.62]
2022-06-17 18:21:39,187 INFO             [main] org.apache.juli.logging.DirectJDKLog                                                         : Initializing Spring embedded WebApplicationContext
2022-06-17 18:21:39,187 INFO             [main] org.springframework.boot.web.servlet.context.ServletWebServerApplicationContext              : Root WebApplicationContext: initialization completed in 1151 ms
2022-06-17 18:21:39,285 INFO             [main] org.flywaydb.core.internal.logging.slf4j.Slf4jLog                                            : Flyway Community Edition 8.5.10 by Redgate
2022-06-17 18:21:39,286 INFO             [main] org.flywaydb.core.internal.logging.slf4j.Slf4jLog                                            : See what's new here: https://flywaydb.org/documentation/learnmore/releaseNotes#8.5.10
2022-06-17 18:21:39,286 INFO             [main] org.flywaydb.core.internal.logging.slf4j.Slf4jLog                                            : 
2022-06-17 18:21:39,292 INFO             [main] com.zaxxer.hikari.HikariDataSource                                                           : HikariPool-1 - Starting...
2022-06-17 18:21:39,489 INFO             [main] com.zaxxer.hikari.HikariDataSource                                                           : HikariPool-1 - Start completed.
2022-06-17 18:21:39,499 INFO             [main] org.flywaydb.core.internal.logging.slf4j.Slf4jLog                                            : Database: jdbc:postgresql://localhost:5432/cute-cut-app (PostgreSQL 14.3)
2022-06-17 18:21:39,529 INFO             [main] org.flywaydb.core.internal.logging.slf4j.Slf4jLog                                            : Successfully validated 16 migrations (execution time 00:00.019s)
2022-06-17 18:21:39,535 INFO             [main] org.flywaydb.core.internal.logging.slf4j.Slf4jLog                                            : Current version of schema "public": 16
2022-06-17 18:21:39,546 INFO             [main] org.flywaydb.core.internal.logging.slf4j.Slf4jLog                                            : Migrating schema "public" to version "17 - alter function get orders passed"
2022-06-17 18:21:39,560 INFO             [main] org.flywaydb.core.internal.logging.slf4j.Slf4jLog                                            : Migrating schema "public" to version "18 - get orders upcoming"
2022-06-17 18:21:39,568 INFO             [main] org.flywaydb.core.internal.logging.slf4j.Slf4jLog                                            : Successfully applied 2 migrations to schema "public", now at version v18 (execution time 00:00.036s)
2022-06-17 18:21:39,667 INFO             [main] org.hibernate.jpa.internal.util.LogHelper                                                    : HHH000204: Processing PersistenceUnitInfo [name: default]
2022-06-17 18:21:39,704 INFO             [main] org.hibernate.Version                                                                        : HHH000412: Hibernate ORM core version 5.6.8.Final
2022-06-17 18:21:39,811 INFO             [main] org.hibernate.annotations.common.reflection.java.JavaReflectionManager                       : HCANN000001: Hibernate Commons Annotations {5.1.2.Final}
2022-06-17 18:21:39,876 INFO             [main] org.hibernate.dialect.Dialect                                                                : HHH000400: Using dialect: org.hibernate.dialect.PostgreSQL10Dialect
2022-06-17 18:21:40,388 INFO             [main] org.hibernate.engine.transaction.jta.platform.internal.JtaPlatformInitiator                  : HHH000490: Using JtaPlatform implementation: [org.hibernate.engine.transaction.jta.platform.internal.NoJtaPlatform]
2022-06-17 18:21:40,393 INFO             [main] org.springframework.orm.jpa.AbstractEntityManagerFactoryBean                                 : Initialized JPA EntityManagerFactory for persistence unit 'default'
2022-06-17 18:21:41,139 WARN             [main] org.springframework.boot.autoconfigure.orm.jpa.JpaBaseConfiguration$JpaWebConfiguration      : spring.jpa.open-in-view is enabled by default. Therefore, database queries may be performed during view rendering. Explicitly configure spring.jpa.open-in-view to disable this warning
2022-06-17 18:21:41,567 INFO             [main] org.springframework.security.web.DefaultSecurityFilterChain                                  : Will secure any request with [org.springframework.security.web.context.request.async.WebAsyncManagerIntegrationFilter@2bb118ae, org.springframework.security.web.context.SecurityContextPersistenceFilter@797ca322, org.springframework.security.web.header.HeaderWriterFilter@4d0e6424, org.springframework.security.web.authentication.logout.LogoutFilter@cbea0df, uz.pdp.cutecutapp.config.security.filters.CustomAuthorizationFilter@5e3a5f0c, uz.pdp.cutecutapp.config.security.filters.CustomAuthenticationFilter@5afaae7e, org.springframework.security.web.savedrequest.RequestCacheAwareFilter@c22cf4d, org.springframework.security.web.servletapi.SecurityContextHolderAwareRequestFilter@6956081d, org.springframework.security.web.authentication.AnonymousAuthenticationFilter@7364073b, org.springframework.security.web.session.SessionManagementFilter@5a5024eb, org.springframework.security.web.access.ExceptionTranslationFilter@3cd758be, org.springframework.security.web.access.intercept.FilterSecurityInterceptor@655b9169]
2022-06-17 18:21:42,370 INFO             [main] org.apache.juli.logging.DirectJDKLog                                                         : Starting ProtocolHandler ["http-nio-8080"]
2022-06-17 18:21:42,383 INFO             [main] org.springframework.boot.web.embedded.tomcat.TomcatWebServer                                 : Tomcat started on port(s): 8080 (http) with context path ''
2022-06-17 18:21:42,391 INFO             [main] org.springframework.boot.StartupInfoLogger                                                   : Started CuteCutAppApplication in 4.886 seconds (JVM running for 5.58)
2022-06-17 18:21:50,770 INFO             [http-nio-8080-exec-1] org.apache.juli.logging.DirectJDKLog                                         : Initializing Spring DispatcherServlet 'dispatcherServlet'
2022-06-17 18:21:50,771 INFO             [http-nio-8080-exec-1] org.springframework.web.servlet.FrameworkServlet                             : Initializing Servlet 'dispatcherServlet'
2022-06-17 18:21:50,773 INFO             [http-nio-8080-exec-1] org.springframework.web.servlet.FrameworkServlet                             : Completed initialization in 1 ms
2022-06-17 18:22:11,639 INFO             [SpringApplicationShutdownHook] org.springframework.orm.jpa.AbstractEntityManagerFactoryBean        : Closing JPA EntityManagerFactory for persistence unit 'default'
2022-06-17 18:22:11,640 INFO             [SpringApplicationShutdownHook] com.zaxxer.hikari.HikariDataSource                                  : HikariPool-1 - Shutdown initiated...
2022-06-17 18:22:11,652 INFO             [SpringApplicationShutdownHook] com.zaxxer.hikari.HikariDataSource                                  : HikariPool-1 - Shutdown completed.
2022-06-17 18:38:38,656 INFO             [main] org.springframework.test.context.support.AbstractTestContextBootstrapper                     : Neither @ContextConfiguration nor @ContextHierarchy found for test class [uz.pdp.cutecutapp.CuteCutAppApplicationTests], using SpringBootContextLoader
2022-06-17 18:38:38,663 INFO             [main] org.springframework.test.context.support.AbstractContextLoader                               : Could not detect default resource locations for test class [uz.pdp.cutecutapp.CuteCutAppApplicationTests]: no resource found for suffixes {-context.xml, Context.groovy}.
2022-06-17 18:38:38,664 INFO             [main] org.springframework.test.context.support.AnnotationConfigContextLoaderUtils                  : Could not detect default configuration classes for test class [uz.pdp.cutecutapp.CuteCutAppApplicationTests]: CuteCutAppApplicationTests does not declare any static, non-private, non-final, nested classes annotated with @Configuration.
2022-06-17 18:38:38,823 INFO             [main] org.springframework.boot.test.context.SpringBootTestContextBootstrapper                      : Found @SpringBootConfiguration uz.pdp.cutecutapp.CuteCutAppApplication for test class uz.pdp.cutecutapp.CuteCutAppApplicationTests
2022-06-17 18:38:38,975 INFO             [main] org.springframework.test.context.support.AbstractTestContextBootstrapper                     : Loaded default TestExecutionListener class names from location [META-INF/spring.factories]: [org.springframework.boot.test.mock.mockito.MockitoTestExecutionListener, org.springframework.boot.test.mock.mockito.ResetMocksTestExecutionListener, org.springframework.boot.test.autoconfigure.restdocs.RestDocsTestExecutionListener, org.springframework.boot.test.autoconfigure.web.client.MockRestServiceServerResetTestExecutionListener, org.springframework.boot.test.autoconfigure.web.servlet.MockMvcPrintOnlyOnFailureTestExecutionListener, org.springframework.boot.test.autoconfigure.web.servlet.WebDriverTestExecutionListener, org.springframework.boot.test.autoconfigure.webservices.client.MockWebServiceServerTestExecutionListener, org.springframework.test.context.web.ServletTestExecutionListener, org.springframework.test.context.support.DirtiesContextBeforeModesTestExecutionListener, org.springframework.test.context.event.ApplicationEventsTestExecutionListener, org.springframework.test.context.support.DependencyInjectionTestExecutionListener, org.springframework.test.context.support.DirtiesContextTestExecutionListener, org.springframework.test.context.transaction.TransactionalTestExecutionListener, org.springframework.test.context.jdbc.SqlScriptsTestExecutionListener, org.springframework.test.context.event.EventPublishingTestExecutionListener, org.springframework.security.test.context.support.WithSecurityContextTestExecutionListener, org.springframework.security.test.context.support.ReactorContextTestExecutionListener]
2022-06-17 18:38:38,996 INFO             [main] org.springframework.test.context.support.AbstractTestContextBootstrapper                     : Using TestExecutionListeners: [org.springframework.test.context.web.ServletTestExecutionListener@555cf22, org.springframework.test.context.support.DirtiesContextBeforeModesTestExecutionListener@6bb2d00b, org.springframework.test.context.event.ApplicationEventsTestExecutionListener@3c9bfddc, org.springframework.boot.test.mock.mockito.MockitoTestExecutionListener@1a9c38eb, org.springframework.boot.test.autoconfigure.SpringBootDependencyInjectionTestExecutionListener@319bc845, org.springframework.test.context.support.DirtiesContextTestExecutionListener@4c5474f5, org.springframework.test.context.transaction.TransactionalTestExecutionListener@2f4205be, org.springframework.test.context.jdbc.SqlScriptsTestExecutionListener@54e22bdd, org.springframework.test.context.event.EventPublishingTestExecutionListener@3bd418e4, org.springframework.security.test.context.support.WithSecurityContextTestExecutionListener@544820b7, org.springframework.security.test.context.support.ReactorContextTestExecutionListener@6b98a075, org.springframework.boot.test.mock.mockito.ResetMocksTestExecutionListener@2e61d218, org.springframework.boot.test.autoconfigure.restdocs.RestDocsTestExecutionListener@3569fc08, org.springframework.boot.test.autoconfigure.web.client.MockRestServiceServerResetTestExecutionListener@20b12f8a, org.springframework.boot.test.autoconfigure.web.servlet.MockMvcPrintOnlyOnFailureTestExecutionListener@e84a8e1, org.springframework.boot.test.autoconfigure.web.servlet.WebDriverTestExecutionListener@2e554a3b, org.springframework.boot.test.autoconfigure.webservices.client.MockWebServiceServerTestExecutionListener@54a67a45]
2022-06-17 18:38:39,526 INFO             [main] org.springframework.boot.StartupInfoLogger                                                   : Starting CuteCutAppApplicationTests using Java 17.0.3 on shoxruh-acer with PID 49636 (started by shoxruh in /home/shoxruh/Disk D/Programming/PDP Backend/Projects/cute-cut-app)
2022-06-17 18:38:39,533 INFO             [main] org.springframework.boot.SpringApplication                                                   : The following 1 profile is active: "prod"
2022-06-17 18:38:40,540 INFO             [main] org.springframework.data.repository.config.RepositoryConfigurationDelegate                   : Bootstrapping Spring Data JPA repositories in DEFAULT mode.
2022-06-17 18:38:40,684 INFO             [main] org.springframework.data.repository.config.RepositoryConfigurationDelegate                   : Finished Spring Data repository scanning in 132 ms. Found 14 JPA repository interfaces.
2022-06-17 18:38:41,667 INFO             [main] org.flywaydb.core.internal.logging.slf4j.Slf4jLog                                            : Flyway Community Edition 8.5.10 by Redgate
2022-06-17 18:38:41,668 INFO             [main] org.flywaydb.core.internal.logging.slf4j.Slf4jLog                                            : See what's new here: https://flywaydb.org/documentation/learnmore/releaseNotes#8.5.10
2022-06-17 18:38:41,668 INFO             [main] org.flywaydb.core.internal.logging.slf4j.Slf4jLog                                            : 
2022-06-17 18:38:41,681 INFO             [main] com.zaxxer.hikari.HikariDataSource                                                           : HikariPool-1 - Starting...
2022-06-17 18:38:44,276 INFO             [main] com.zaxxer.hikari.HikariDataSource                                                           : HikariPool-1 - Start completed.
2022-06-17 18:38:44,663 INFO             [main] org.flywaydb.core.internal.logging.slf4j.Slf4jLog                                            : Database: jdbc:postgresql://ec2-44-196-174-238.compute-1.amazonaws.com:5432/d5ra9mpj7hag8n (PostgreSQL 14.3)
2022-06-17 18:38:47,669 INFO             [main] org.flywaydb.core.internal.logging.slf4j.Slf4jLog                                            : Current version of schema "public": 18
2022-06-17 18:38:47,670 WARN             [main] org.flywaydb.core.internal.logging.slf4j.Slf4jLog                                            : outOfOrder mode is active. Migration of schema "public" may not be reproducible.
2022-06-17 18:38:47,861 INFO             [main] org.flywaydb.core.internal.logging.slf4j.Slf4jLog                                            : Schema "public" is up to date. No migration necessary.
2022-06-17 18:38:48,592 INFO             [main] org.hibernate.jpa.internal.util.LogHelper                                                    : HHH000204: Processing PersistenceUnitInfo [name: default]
2022-06-17 18:38:48,633 INFO             [main] org.hibernate.Version                                                                        : HHH000412: Hibernate ORM core version 5.6.8.Final
2022-06-17 18:38:48,787 INFO             [main] org.hibernate.annotations.common.reflection.java.JavaReflectionManager                       : HCANN000001: Hibernate Commons Annotations {5.1.2.Final}
2022-06-17 18:38:48,878 INFO             [main] org.hibernate.dialect.Dialect                                                                : HHH000400: Using dialect: org.hibernate.dialect.PostgreSQL10Dialect
2022-06-17 18:38:51,139 INFO             [main] org.hibernate.engine.transaction.jta.platform.internal.JtaPlatformInitiator                  : HHH000490: Using JtaPlatform implementation: [org.hibernate.engine.transaction.jta.platform.internal.NoJtaPlatform]
2022-06-17 18:38:51,152 INFO             [main] org.springframework.orm.jpa.AbstractEntityManagerFactoryBean                                 : Initialized JPA EntityManagerFactory for persistence unit 'default'
2022-06-17 18:38:51,997 WARN             [main] org.springframework.boot.autoconfigure.orm.jpa.JpaBaseConfiguration$JpaWebConfiguration      : spring.jpa.open-in-view is enabled by default. Therefore, database queries may be performed during view rendering. Explicitly configure spring.jpa.open-in-view to disable this warning
2022-06-17 18:38:52,544 INFO             [main] org.springframework.security.web.DefaultSecurityFilterChain                                  : Will secure any request with [org.springframework.security.web.context.request.async.WebAsyncManagerIntegrationFilter@240fa4ad, org.springframework.security.web.context.SecurityContextPersistenceFilter@189fb01b, org.springframework.security.web.header.HeaderWriterFilter@59f56892, org.springframework.security.web.authentication.logout.LogoutFilter@64faf3d, uz.pdp.cutecutapp.config.security.filters.CustomAuthorizationFilter@4fb3c670, uz.pdp.cutecutapp.config.security.filters.CustomAuthenticationFilter@6b6c882c, org.springframework.security.web.savedrequest.RequestCacheAwareFilter@39eea4f6, org.springframework.security.web.servletapi.SecurityContextHolderAwareRequestFilter@6c37c36, org.springframework.security.web.authentication.AnonymousAuthenticationFilter@51a65f56, org.springframework.security.web.session.SessionManagementFilter@285b63eb, org.springframework.security.web.access.ExceptionTranslationFilter@22d23c27, org.springframework.security.web.access.intercept.FilterSecurityInterceptor@66978c15]
2022-06-17 18:38:53,100 WARN             [main] org.hibernate.engine.jdbc.spi.SqlExceptionHelper                                             : SQL Error: 0, SQLState: 23505
2022-06-17 18:38:53,101 ERROR            [main] org.hibernate.engine.jdbc.spi.SqlExceptionHelper                                             : ERROR: duplicate key value violates unique constraint "phonerole"
  Detail: Key (phone_number, role)=(+998999999999, SUPER_ADMIN) already exists.
2022-06-17 18:38:55,117 INFO             [main] org.springframework.boot.StartupInfoLogger                                                   : Started CuteCutAppApplicationTests in 16.044 seconds (JVM running for 18.436)
2022-06-17 18:38:55,413 INFO             [SpringApplicationShutdownHook] org.springframework.orm.jpa.AbstractEntityManagerFactoryBean        : Closing JPA EntityManagerFactory for persistence unit 'default'
2022-06-17 18:38:55,416 INFO             [SpringApplicationShutdownHook] com.zaxxer.hikari.HikariDataSource                                  : HikariPool-1 - Shutdown initiated...
2022-06-17 18:38:56,784 INFO             [SpringApplicationShutdownHook] com.zaxxer.hikari.HikariDataSource                                  : HikariPool-1 - Shutdown completed.
2022-06-17 18:39:26,942 INFO             [main] org.springframework.test.context.support.AbstractTestContextBootstrapper                     : Neither @ContextConfiguration nor @ContextHierarchy found for test class [uz.pdp.cutecutapp.CuteCutAppApplicationTests], using SpringBootContextLoader
2022-06-17 18:39:26,955 INFO             [main] org.springframework.test.context.support.AbstractContextLoader                               : Could not detect default resource locations for test class [uz.pdp.cutecutapp.CuteCutAppApplicationTests]: no resource found for suffixes {-context.xml, Context.groovy}.
2022-06-17 18:39:26,957 INFO             [main] org.springframework.test.context.support.AnnotationConfigContextLoaderUtils                  : Could not detect default configuration classes for test class [uz.pdp.cutecutapp.CuteCutAppApplicationTests]: CuteCutAppApplicationTests does not declare any static, non-private, non-final, nested classes annotated with @Configuration.
2022-06-17 18:39:27,183 INFO             [main] org.springframework.boot.test.context.SpringBootTestContextBootstrapper                      : Found @SpringBootConfiguration uz.pdp.cutecutapp.CuteCutAppApplication for test class uz.pdp.cutecutapp.CuteCutAppApplicationTests
2022-06-17 18:39:27,319 INFO             [main] org.springframework.test.context.support.AbstractTestContextBootstrapper                     : Loaded default TestExecutionListener class names from location [META-INF/spring.factories]: [org.springframework.boot.test.mock.mockito.MockitoTestExecutionListener, org.springframework.boot.test.mock.mockito.ResetMocksTestExecutionListener, org.springframework.boot.test.autoconfigure.restdocs.RestDocsTestExecutionListener, org.springframework.boot.test.autoconfigure.web.client.MockRestServiceServerResetTestExecutionListener, org.springframework.boot.test.autoconfigure.web.servlet.MockMvcPrintOnlyOnFailureTestExecutionListener, org.springframework.boot.test.autoconfigure.web.servlet.WebDriverTestExecutionListener, org.springframework.boot.test.autoconfigure.webservices.client.MockWebServiceServerTestExecutionListener, org.springframework.test.context.web.ServletTestExecutionListener, org.springframework.test.context.support.DirtiesContextBeforeModesTestExecutionListener, org.springframework.test.context.event.ApplicationEventsTestExecutionListener, org.springframework.test.context.support.DependencyInjectionTestExecutionListener, org.springframework.test.context.support.DirtiesContextTestExecutionListener, org.springframework.test.context.transaction.TransactionalTestExecutionListener, org.springframework.test.context.jdbc.SqlScriptsTestExecutionListener, org.springframework.test.context.event.EventPublishingTestExecutionListener, org.springframework.security.test.context.support.WithSecurityContextTestExecutionListener, org.springframework.security.test.context.support.ReactorContextTestExecutionListener]
2022-06-17 18:39:27,344 INFO             [main] org.springframework.test.context.support.AbstractTestContextBootstrapper                     : Using TestExecutionListeners: [org.springframework.test.context.web.ServletTestExecutionListener@3d9f6567, org.springframework.test.context.support.DirtiesContextBeforeModesTestExecutionListener@c055c54, org.springframework.test.context.event.ApplicationEventsTestExecutionListener@25e2ab5a, org.springframework.boot.test.mock.mockito.MockitoTestExecutionListener@35e5d0e5, org.springframework.boot.test.autoconfigure.SpringBootDependencyInjectionTestExecutionListener@73173f63, org.springframework.test.context.support.DirtiesContextTestExecutionListener@55562aa9, org.springframework.test.context.transaction.TransactionalTestExecutionListener@655ef322, org.springframework.test.context.jdbc.SqlScriptsTestExecutionListener@7e276594, org.springframework.test.context.event.EventPublishingTestExecutionListener@3401a114, org.springframework.security.test.context.support.WithSecurityContextTestExecutionListener@5066d65f, org.springframework.security.test.context.support.ReactorContextTestExecutionListener@4233e892, org.springframework.boot.test.mock.mockito.ResetMocksTestExecutionListener@77d2e85, org.springframework.boot.test.autoconfigure.restdocs.RestDocsTestExecutionListener@3ecd267f, org.springframework.boot.test.autoconfigure.web.client.MockRestServiceServerResetTestExecutionListener@58ffcbd7, org.springframework.boot.test.autoconfigure.web.servlet.MockMvcPrintOnlyOnFailureTestExecutionListener@555cf22, org.springframework.boot.test.autoconfigure.web.servlet.WebDriverTestExecutionListener@6bb2d00b, org.springframework.boot.test.autoconfigure.webservices.client.MockWebServiceServerTestExecutionListener@3c9bfddc]
2022-06-17 18:39:28,067 INFO             [main] org.springframework.boot.StartupInfoLogger                                                   : Starting CuteCutAppApplicationTests using Java 17.0.3 on shoxruh-acer with PID 49834 (started by shoxruh in /home/shoxruh/Disk D/Programming/PDP Backend/Projects/cute-cut-app)
2022-06-17 18:39:28,069 INFO             [main] org.springframework.boot.SpringApplication                                                   : The following 1 profile is active: "dev"
2022-06-17 18:39:29,465 INFO             [main] org.springframework.data.repository.config.RepositoryConfigurationDelegate                   : Bootstrapping Spring Data JPA repositories in DEFAULT mode.
2022-06-17 18:39:29,619 INFO             [main] org.springframework.data.repository.config.RepositoryConfigurationDelegate                   : Finished Spring Data repository scanning in 140 ms. Found 14 JPA repository interfaces.
2022-06-17 18:39:30,404 INFO             [main] org.flywaydb.core.internal.logging.slf4j.Slf4jLog                                            : Flyway Community Edition 8.5.10 by Redgate
2022-06-17 18:39:30,405 INFO             [main] org.flywaydb.core.internal.logging.slf4j.Slf4jLog                                            : See what's new here: https://flywaydb.org/documentation/learnmore/releaseNotes#8.5.10
2022-06-17 18:39:30,405 INFO             [main] org.flywaydb.core.internal.logging.slf4j.Slf4jLog                                            : 
2022-06-17 18:39:30,420 INFO             [main] com.zaxxer.hikari.HikariDataSource                                                           : HikariPool-1 - Starting...
2022-06-17 18:39:30,836 INFO             [main] com.zaxxer.hikari.HikariDataSource                                                           : HikariPool-1 - Start completed.
2022-06-17 18:39:30,856 INFO             [main] org.flywaydb.core.internal.logging.slf4j.Slf4jLog                                            : Database: jdbc:postgresql://localhost:5432/cute-cut-app (PostgreSQL 14.3)
2022-06-17 18:39:30,903 INFO             [main] org.flywaydb.core.internal.logging.slf4j.Slf4jLog                                            : Successfully validated 16 migrations (execution time 00:00.029s)
2022-06-17 18:39:30,913 INFO             [main] org.flywaydb.core.internal.logging.slf4j.Slf4jLog                                            : Current version of schema "public": 18
2022-06-17 18:39:30,915 INFO             [main] org.flywaydb.core.internal.logging.slf4j.Slf4jLog                                            : Schema "public" is up to date. No migration necessary.
2022-06-17 18:39:31,067 INFO             [main] org.hibernate.jpa.internal.util.LogHelper                                                    : HHH000204: Processing PersistenceUnitInfo [name: default]
2022-06-17 18:39:31,127 INFO             [main] org.hibernate.Version                                                                        : HHH000412: Hibernate ORM core version 5.6.8.Final
2022-06-17 18:39:31,270 INFO             [main] org.hibernate.annotations.common.reflection.java.JavaReflectionManager                       : HCANN000001: Hibernate Commons Annotations {5.1.2.Final}
2022-06-17 18:39:31,454 INFO             [main] org.hibernate.dialect.Dialect                                                                : HHH000400: Using dialect: org.hibernate.dialect.PostgreSQL10Dialect
2022-06-17 18:39:32,315 INFO             [main] org.hibernate.engine.transaction.jta.platform.internal.JtaPlatformInitiator                  : HHH000490: Using JtaPlatform implementation: [org.hibernate.engine.transaction.jta.platform.internal.NoJtaPlatform]
2022-06-17 18:39:32,325 INFO             [main] org.springframework.orm.jpa.AbstractEntityManagerFactoryBean                                 : Initialized JPA EntityManagerFactory for persistence unit 'default'
2022-06-17 18:39:33,310 WARN             [main] org.springframework.boot.autoconfigure.orm.jpa.JpaBaseConfiguration$JpaWebConfiguration      : spring.jpa.open-in-view is enabled by default. Therefore, database queries may be performed during view rendering. Explicitly configure spring.jpa.open-in-view to disable this warning
2022-06-17 18:39:33,941 INFO             [main] org.springframework.security.web.DefaultSecurityFilterChain                                  : Will secure any request with [org.springframework.security.web.context.request.async.WebAsyncManagerIntegrationFilter@4b98c80c, org.springframework.security.web.context.SecurityContextPersistenceFilter@741687d4, org.springframework.security.web.header.HeaderWriterFilter@eb23b9c, org.springframework.security.web.authentication.logout.LogoutFilter@62d818c6, uz.pdp.cutecutapp.config.security.filters.CustomAuthorizationFilter@a486851, uz.pdp.cutecutapp.config.security.filters.CustomAuthenticationFilter@52539624, org.springframework.security.web.savedrequest.RequestCacheAwareFilter@6391d34f, org.springframework.security.web.servletapi.SecurityContextHolderAwareRequestFilter@2d18d9ed, org.springframework.security.web.authentication.AnonymousAuthenticationFilter@1001b435, org.springframework.security.web.session.SessionManagementFilter@5e89e527, org.springframework.security.web.access.ExceptionTranslationFilter@5c3ad125, org.springframework.security.web.access.intercept.FilterSecurityInterceptor@472dc215]
2022-06-17 18:39:35,625 INFO             [main] org.springframework.boot.StartupInfoLogger                                                   : Started CuteCutAppApplicationTests in 8.205 seconds (JVM running for 10.049)
2022-06-17 18:39:35,834 INFO             [SpringApplicationShutdownHook] org.springframework.orm.jpa.AbstractEntityManagerFactoryBean        : Closing JPA EntityManagerFactory for persistence unit 'default'
2022-06-17 18:39:35,836 INFO             [SpringApplicationShutdownHook] com.zaxxer.hikari.HikariDataSource                                  : HikariPool-1 - Shutdown initiated...
2022-06-17 18:39:35,853 INFO             [SpringApplicationShutdownHook] com.zaxxer.hikari.HikariDataSource                                  : HikariPool-1 - Shutdown completed.
2022-06-22 09:24:56,208 INFO             [main] org.springframework.boot.StartupInfoLogger                                                   : Starting CuteCutAppApplication using Java 17.0.2 on WIN-GHSJJIGEQ74 with PID 8964 (D:\My\IT\UNICORN\Spring\cute-cut-app\target\classes started by OneComputers in D:\My\IT\UNICORN\Spring\cute-cut-app)
2022-06-22 09:24:56,248 INFO             [main] org.springframework.boot.SpringApplication                                                   : The following 1 profile is active: "prod"
2022-06-22 09:24:59,244 INFO             [main] org.springframework.data.repository.config.RepositoryConfigurationDelegate                   : Bootstrapping Spring Data JPA repositories in DEFAULT mode.
2022-06-22 09:24:59,489 INFO             [main] org.springframework.data.repository.config.RepositoryConfigurationDelegate                   : Finished Spring Data repository scanning in 229 ms. Found 14 JPA repository interfaces.
2022-06-22 09:25:00,568 INFO             [main] org.springframework.boot.web.embedded.tomcat.TomcatWebServer                                 : Tomcat initialized with port(s): 8080 (http)
2022-06-22 09:25:00,582 INFO             [main] org.apache.juli.logging.DirectJDKLog                                                         : Initializing ProtocolHandler ["http-nio-8080"]
2022-06-22 09:25:00,584 INFO             [main] org.apache.juli.logging.DirectJDKLog                                                         : Starting service [Tomcat]
2022-06-22 09:25:00,585 INFO             [main] org.apache.juli.logging.DirectJDKLog                                                         : Starting Servlet engine: [Apache Tomcat/9.0.62]
2022-06-22 09:25:00,820 INFO             [main] org.apache.juli.logging.DirectJDKLog                                                         : Initializing Spring embedded WebApplicationContext
2022-06-22 09:25:00,821 INFO             [main] org.springframework.boot.web.servlet.context.ServletWebServerApplicationContext              : Root WebApplicationContext: initialization completed in 4434 ms
2022-06-22 09:25:01,120 INFO             [main] org.flywaydb.core.internal.logging.slf4j.Slf4jLog                                            : Flyway Community Edition 8.5.10 by Redgate
2022-06-22 09:25:01,121 INFO             [main] org.flywaydb.core.internal.logging.slf4j.Slf4jLog                                            : See what's new here: https://flywaydb.org/documentation/learnmore/releaseNotes#8.5.10
2022-06-22 09:25:01,121 INFO             [main] org.flywaydb.core.internal.logging.slf4j.Slf4jLog                                            : 
2022-06-22 09:25:01,135 INFO             [main] com.zaxxer.hikari.HikariDataSource                                                           : HikariPool-1 - Starting...
2022-06-22 09:25:03,789 INFO             [main] com.zaxxer.hikari.HikariDataSource                                                           : HikariPool-1 - Start completed.
2022-06-22 09:25:04,163 INFO             [main] org.flywaydb.core.internal.logging.slf4j.Slf4jLog                                            : Database: jdbc:postgresql://ec2-44-196-174-238.compute-1.amazonaws.com:5432/d5ra9mpj7hag8n (PostgreSQL 14.4)
2022-06-22 09:25:07,516 INFO             [main] org.flywaydb.core.internal.logging.slf4j.Slf4jLog                                            : Current version of schema "public": 20
2022-06-22 09:25:07,516 WARN             [main] org.flywaydb.core.internal.logging.slf4j.Slf4jLog                                            : outOfOrder mode is active. Migration of schema "public" may not be reproducible.
2022-06-22 09:25:07,773 INFO             [main] org.flywaydb.core.internal.logging.slf4j.Slf4jLog                                            : Schema "public" is up to date. No migration necessary.
2022-06-22 09:25:08,589 INFO             [main] org.hibernate.jpa.internal.util.LogHelper                                                    : HHH000204: Processing PersistenceUnitInfo [name: default]
2022-06-22 09:25:08,678 INFO             [main] org.hibernate.Version                                                                        : HHH000412: Hibernate ORM core version 5.6.8.Final
2022-06-22 09:25:08,905 INFO             [main] org.hibernate.annotations.common.reflection.java.JavaReflectionManager                       : HCANN000001: Hibernate Commons Annotations {5.1.2.Final}
2022-06-22 09:25:09,187 INFO             [main] org.hibernate.dialect.Dialect                                                                : HHH000400: Using dialect: org.hibernate.dialect.PostgreSQL10Dialect
2022-06-22 09:25:14,809 INFO             [main] org.hibernate.engine.transaction.jta.platform.internal.JtaPlatformInitiator                  : HHH000490: Using JtaPlatform implementation: [org.hibernate.engine.transaction.jta.platform.internal.NoJtaPlatform]
2022-06-22 09:25:14,822 INFO             [main] org.springframework.orm.jpa.AbstractEntityManagerFactoryBean                                 : Initialized JPA EntityManagerFactory for persistence unit 'default'
2022-06-22 09:25:16,291 WARN             [main] org.springframework.boot.autoconfigure.orm.jpa.JpaBaseConfiguration$JpaWebConfiguration      : spring.jpa.open-in-view is enabled by default. Therefore, database queries may be performed during view rendering. Explicitly configure spring.jpa.open-in-view to disable this warning
2022-06-22 09:25:17,319 INFO             [main] org.springframework.security.web.DefaultSecurityFilterChain                                  : Will secure any request with [org.springframework.security.web.context.request.async.WebAsyncManagerIntegrationFilter@7859fc7, org.springframework.security.web.context.SecurityContextPersistenceFilter@40e90634, org.springframework.security.web.header.HeaderWriterFilter@4e58eda2, org.springframework.security.web.authentication.logout.LogoutFilter@189f9f9f, uz.pdp.cutecutapp.config.security.filters.CustomAuthorizationFilter@519e14f6, uz.pdp.cutecutapp.config.security.filters.CustomAuthenticationFilter@10ab976b, org.springframework.security.web.savedrequest.RequestCacheAwareFilter@5c438795, org.springframework.security.web.servletapi.SecurityContextHolderAwareRequestFilter@67201eeb, org.springframework.security.web.authentication.AnonymousAuthenticationFilter@5da799, org.springframework.security.web.session.SessionManagementFilter@7acbd3d0, org.springframework.security.web.access.ExceptionTranslationFilter@655d5285, org.springframework.security.web.access.intercept.FilterSecurityInterceptor@64a9fca7]
2022-06-22 09:25:20,139 INFO             [main] org.springframework.boot.actuate.endpoint.web.EndpointLinksResolver                          : Exposing 14 endpoint(s) beneath base path '/actuator'
2022-06-22 09:25:20,233 INFO             [main] org.apache.juli.logging.DirectJDKLog                                                         : Starting ProtocolHandler ["http-nio-8080"]
2022-06-22 09:25:20,271 INFO             [main] org.springframework.boot.web.embedded.tomcat.TomcatWebServer                                 : Tomcat started on port(s): 8080 (http) with context path ''
2022-06-22 09:25:20,309 INFO             [main] org.springframework.boot.StartupInfoLogger                                                   : Started CuteCutAppApplication in 25.039 seconds (JVM running for 28.037)
2022-06-22 09:25:20,936 INFO             [RMI TCP Connection(1)-10.10.3.200] org.apache.juli.logging.DirectJDKLog                            : Initializing Spring DispatcherServlet 'dispatcherServlet'
2022-06-22 09:25:20,937 INFO             [RMI TCP Connection(1)-10.10.3.200] org.springframework.web.servlet.FrameworkServlet                : Initializing Servlet 'dispatcherServlet'
2022-06-22 09:25:20,941 INFO             [RMI TCP Connection(1)-10.10.3.200] org.springframework.web.servlet.FrameworkServlet                : Completed initialization in 2 ms
2022-06-22 09:25:42,434 INFO             [SpringApplicationShutdownHook] org.springframework.orm.jpa.AbstractEntityManagerFactoryBean        : Closing JPA EntityManagerFactory for persistence unit 'default'
2022-06-22 09:25:42,437 INFO             [SpringApplicationShutdownHook] com.zaxxer.hikari.HikariDataSource                                  : HikariPool-1 - Shutdown initiated...
2022-06-22 09:25:44,339 INFO             [SpringApplicationShutdownHook] com.zaxxer.hikari.HikariDataSource                                  : HikariPool-1 - Shutdown completed.
